{"D:\\BCDIC22-RN-recetario-inmobiliaria-Zuack55\\App.tsx": {"path":"D:\\BCDIC22-RN-recetario-inmobiliaria-Zuack55\\App.tsx","all":false,"statementMap":{"0":{"start":{"line":1,"column":0},"end":{"line":1,"column":25}},"1":{"start":{"line":2,"column":0},"end":{"line":2,"column":66}},"2":{"start":{"line":3,"column":0},"end":{"line":3,"column":50}},"3":{"start":{"line":4,"column":0},"end":{"line":4,"column":43}},"4":{"start":{"line":5,"column":0},"end":{"line":5,"column":0}},"5":{"start":{"line":6,"column":0},"end":{"line":6,"column":19}},"6":{"start":{"line":7,"column":0},"end":{"line":7,"column":48}},"7":{"start":{"line":8,"column":0},"end":{"line":8,"column":19}},"8":{"start":{"line":9,"column":0},"end":{"line":9,"column":20}},"9":{"start":{"line":10,"column":0},"end":{"line":10,"column":22}},"10":{"start":{"line":11,"column":0},"end":{"line":11,"column":23}},"11":{"start":{"line":12,"column":0},"end":{"line":12,"column":12}},"12":{"start":{"line":13,"column":0},"end":{"line":13,"column":8}},"13":{"start":{"line":14,"column":0},"end":{"line":14,"column":10}},"14":{"start":{"line":15,"column":0},"end":{"line":15,"column":44}},"15":{"start":{"line":16,"column":0},"end":{"line":16,"column":5}},"16":{"start":{"line":17,"column":0},"end":{"line":17,"column":115}},"17":{"start":{"line":18,"column":0},"end":{"line":18,"column":5}},"18":{"start":{"line":19,"column":0},"end":{"line":19,"column":11}},"19":{"start":{"line":20,"column":0},"end":{"line":20,"column":3}},"20":{"start":{"line":21,"column":0},"end":{"line":21,"column":1}},"21":{"start":{"line":22,"column":0},"end":{"line":22,"column":0}},"22":{"start":{"line":23,"column":0},"end":{"line":23,"column":18}},"23":{"start":{"line":24,"column":0},"end":{"line":24,"column":0}},"24":{"start":{"line":25,"column":0},"end":{"line":25,"column":34}},"25":{"start":{"line":26,"column":0},"end":{"line":26,"column":14}},"26":{"start":{"line":27,"column":0},"end":{"line":27,"column":19}},"27":{"start":{"line":28,"column":0},"end":{"line":28,"column":4}},"28":{"start":{"line":29,"column":0},"end":{"line":29,"column":2}}},"s":{"0":1,"1":1,"2":1,"3":1,"4":1,"5":1,"6":1,"7":1,"8":0,"9":0,"10":0,"11":0,"12":1,"13":1,"14":1,"15":1,"16":1,"17":1,"18":1,"19":1,"20":1,"21":1,"22":1,"23":1,"24":1,"25":1,"26":1,"27":1,"28":1},"branchMap":{"0":{"type":"branch","line":6,"loc":{"start":{"line":6,"column":12},"end":{"line":21,"column":1}},"locations":[{"start":{"line":6,"column":12},"end":{"line":21,"column":1}}]},"1":{"type":"branch","line":17,"loc":{"start":{"line":17,"column":90},"end":{"line":17,"column":115}},"locations":[{"start":{"line":17,"column":90},"end":{"line":17,"column":115}}]}},"b":{"0":[1],"1":[0]},"fnMap":{"0":{"name":"App","decl":{"start":{"line":6,"column":12},"end":{"line":21,"column":1}},"loc":{"start":{"line":6,"column":12},"end":{"line":21,"column":1}},"line":6}},"f":{"0":1}}
,"D:\\BCDIC22-RN-recetario-inmobiliaria-Zuack55\\components\\Cards.tsx": {"path":"D:\\BCDIC22-RN-recetario-inmobiliaria-Zuack55\\components\\Cards.tsx","all":false,"statementMap":{"0":{"start":{"line":1,"column":0},"end":{"line":1,"column":0}},"1":{"start":{"line":2,"column":0},"end":{"line":2,"column":41}},"2":{"start":{"line":3,"column":0},"end":{"line":3,"column":91}},"3":{"start":{"line":4,"column":0},"end":{"line":4,"column":53}},"4":{"start":{"line":5,"column":0},"end":{"line":5,"column":45}},"5":{"start":{"line":6,"column":0},"end":{"line":6,"column":0}},"6":{"start":{"line":7,"column":0},"end":{"line":7,"column":64}},"7":{"start":{"line":8,"column":0},"end":{"line":8,"column":0}},"8":{"start":{"line":9,"column":0},"end":{"line":9,"column":0}},"9":{"start":{"line":10,"column":0},"end":{"line":10,"column":43}},"10":{"start":{"line":11,"column":0},"end":{"line":11,"column":14}},"11":{"start":{"line":12,"column":0},"end":{"line":12,"column":16}},"12":{"start":{"line":13,"column":0},"end":{"line":13,"column":18}},"13":{"start":{"line":14,"column":0},"end":{"line":14,"column":49}},"14":{"start":{"line":15,"column":0},"end":{"line":15,"column":21}},"15":{"start":{"line":16,"column":0},"end":{"line":16,"column":54}},"16":{"start":{"line":17,"column":0},"end":{"line":17,"column":86}},"17":{"start":{"line":18,"column":0},"end":{"line":18,"column":59}},"18":{"start":{"line":19,"column":0},"end":{"line":19,"column":59}},"19":{"start":{"line":20,"column":0},"end":{"line":20,"column":102}},"20":{"start":{"line":21,"column":0},"end":{"line":21,"column":76}},"21":{"start":{"line":22,"column":0},"end":{"line":22,"column":126}},"22":{"start":{"line":23,"column":0},"end":{"line":23,"column":104}},"23":{"start":{"line":24,"column":0},"end":{"line":24,"column":47}},"24":{"start":{"line":25,"column":0},"end":{"line":25,"column":43}},"25":{"start":{"line":26,"column":0},"end":{"line":26,"column":69}},"26":{"start":{"line":27,"column":0},"end":{"line":27,"column":90}},"27":{"start":{"line":28,"column":0},"end":{"line":28,"column":79}},"28":{"start":{"line":29,"column":0},"end":{"line":29,"column":106}},"29":{"start":{"line":30,"column":0},"end":{"line":30,"column":70}},"30":{"start":{"line":31,"column":0},"end":{"line":31,"column":77}},"31":{"start":{"line":32,"column":0},"end":{"line":32,"column":49}},"32":{"start":{"line":33,"column":0},"end":{"line":33,"column":91}},"33":{"start":{"line":34,"column":0},"end":{"line":34,"column":47}},"34":{"start":{"line":35,"column":0},"end":{"line":35,"column":0}},"35":{"start":{"line":36,"column":0},"end":{"line":36,"column":101}},"36":{"start":{"line":37,"column":0},"end":{"line":37,"column":110}},"37":{"start":{"line":38,"column":0},"end":{"line":38,"column":83}},"38":{"start":{"line":39,"column":0},"end":{"line":39,"column":137}},"39":{"start":{"line":40,"column":0},"end":{"line":40,"column":99}},"40":{"start":{"line":41,"column":0},"end":{"line":41,"column":51}},"41":{"start":{"line":42,"column":0},"end":{"line":42,"column":99}},"42":{"start":{"line":43,"column":0},"end":{"line":43,"column":128}},"43":{"start":{"line":44,"column":0},"end":{"line":44,"column":104}},"44":{"start":{"line":45,"column":0},"end":{"line":45,"column":51}},"45":{"start":{"line":46,"column":0},"end":{"line":46,"column":99}},"46":{"start":{"line":47,"column":0},"end":{"line":47,"column":125}},"47":{"start":{"line":48,"column":0},"end":{"line":48,"column":102}},"48":{"start":{"line":49,"column":0},"end":{"line":49,"column":51}},"49":{"start":{"line":50,"column":0},"end":{"line":50,"column":47}},"50":{"start":{"line":51,"column":0},"end":{"line":51,"column":0}},"51":{"start":{"line":52,"column":0},"end":{"line":52,"column":69}},"52":{"start":{"line":53,"column":0},"end":{"line":53,"column":109}},"53":{"start":{"line":54,"column":0},"end":{"line":54,"column":83}},"54":{"start":{"line":55,"column":0},"end":{"line":55,"column":104}},"55":{"start":{"line":56,"column":0},"end":{"line":56,"column":51}},"56":{"start":{"line":57,"column":0},"end":{"line":57,"column":0}},"57":{"start":{"line":58,"column":0},"end":{"line":58,"column":74}},"58":{"start":{"line":59,"column":0},"end":{"line":59,"column":104}},"59":{"start":{"line":60,"column":0},"end":{"line":60,"column":137}},"60":{"start":{"line":61,"column":0},"end":{"line":61,"column":51}},"61":{"start":{"line":62,"column":0},"end":{"line":62,"column":47}},"62":{"start":{"line":63,"column":0},"end":{"line":63,"column":43}},"63":{"start":{"line":64,"column":0},"end":{"line":64,"column":39}},"64":{"start":{"line":65,"column":0},"end":{"line":65,"column":47}},"65":{"start":{"line":66,"column":0},"end":{"line":66,"column":26}},"66":{"start":{"line":67,"column":0},"end":{"line":67,"column":21}},"67":{"start":{"line":68,"column":0},"end":{"line":68,"column":29}},"68":{"start":{"line":69,"column":0},"end":{"line":69,"column":20}},"69":{"start":{"line":70,"column":0},"end":{"line":70,"column":9}},"70":{"start":{"line":71,"column":0},"end":{"line":71,"column":5}},"71":{"start":{"line":72,"column":0},"end":{"line":72,"column":1}},"72":{"start":{"line":73,"column":0},"end":{"line":73,"column":0}},"73":{"start":{"line":74,"column":0},"end":{"line":74,"column":32}},"74":{"start":{"line":75,"column":0},"end":{"line":75,"column":0}},"75":{"start":{"line":76,"column":0},"end":{"line":76,"column":34}},"76":{"start":{"line":77,"column":0},"end":{"line":77,"column":11}},"77":{"start":{"line":78,"column":0},"end":{"line":78,"column":29}},"78":{"start":{"line":79,"column":0},"end":{"line":79,"column":19}},"79":{"start":{"line":80,"column":0},"end":{"line":80,"column":20}},"80":{"start":{"line":81,"column":0},"end":{"line":81,"column":40}},"81":{"start":{"line":82,"column":0},"end":{"line":82,"column":20}},"82":{"start":{"line":83,"column":0},"end":{"line":83,"column":18}},"83":{"start":{"line":84,"column":0},"end":{"line":84,"column":22}},"84":{"start":{"line":85,"column":0},"end":{"line":85,"column":31}},"85":{"start":{"line":86,"column":0},"end":{"line":86,"column":23}},"86":{"start":{"line":87,"column":0},"end":{"line":87,"column":35}},"87":{"start":{"line":88,"column":0},"end":{"line":88,"column":25}},"88":{"start":{"line":89,"column":0},"end":{"line":89,"column":23}},"89":{"start":{"line":90,"column":0},"end":{"line":90,"column":25}},"90":{"start":{"line":91,"column":0},"end":{"line":91,"column":6}},"91":{"start":{"line":92,"column":0},"end":{"line":92,"column":18}},"92":{"start":{"line":93,"column":0},"end":{"line":93,"column":32}},"93":{"start":{"line":94,"column":0},"end":{"line":94,"column":6}},"94":{"start":{"line":95,"column":0},"end":{"line":95,"column":17}},"95":{"start":{"line":96,"column":0},"end":{"line":96,"column":19}},"96":{"start":{"line":97,"column":0},"end":{"line":97,"column":20}},"97":{"start":{"line":98,"column":0},"end":{"line":98,"column":33}},"98":{"start":{"line":99,"column":0},"end":{"line":99,"column":22}},"99":{"start":{"line":100,"column":0},"end":{"line":100,"column":25}},"100":{"start":{"line":101,"column":0},"end":{"line":101,"column":6}},"101":{"start":{"line":102,"column":0},"end":{"line":102,"column":17}},"102":{"start":{"line":103,"column":0},"end":{"line":103,"column":21}},"103":{"start":{"line":104,"column":0},"end":{"line":104,"column":27}},"104":{"start":{"line":105,"column":0},"end":{"line":105,"column":25}},"105":{"start":{"line":106,"column":0},"end":{"line":106,"column":22}},"106":{"start":{"line":107,"column":0},"end":{"line":107,"column":23}},"107":{"start":{"line":108,"column":0},"end":{"line":108,"column":6}},"108":{"start":{"line":109,"column":0},"end":{"line":109,"column":15}},"109":{"start":{"line":110,"column":0},"end":{"line":110,"column":21}},"110":{"start":{"line":111,"column":0},"end":{"line":111,"column":22}},"111":{"start":{"line":112,"column":0},"end":{"line":112,"column":22}},"112":{"start":{"line":113,"column":0},"end":{"line":113,"column":6}},"113":{"start":{"line":114,"column":0},"end":{"line":114,"column":18}},"114":{"start":{"line":115,"column":0},"end":{"line":115,"column":21}},"115":{"start":{"line":116,"column":0},"end":{"line":116,"column":27}},"116":{"start":{"line":117,"column":0},"end":{"line":117,"column":25}},"117":{"start":{"line":118,"column":0},"end":{"line":118,"column":23}},"118":{"start":{"line":119,"column":0},"end":{"line":119,"column":6}},"119":{"start":{"line":120,"column":0},"end":{"line":120,"column":17}},"120":{"start":{"line":121,"column":0},"end":{"line":121,"column":18}},"121":{"start":{"line":122,"column":0},"end":{"line":122,"column":18}},"122":{"start":{"line":123,"column":0},"end":{"line":123,"column":6}},"123":{"start":{"line":124,"column":0},"end":{"line":124,"column":24}},"124":{"start":{"line":125,"column":0},"end":{"line":125,"column":18}},"125":{"start":{"line":126,"column":0},"end":{"line":126,"column":19}},"126":{"start":{"line":127,"column":0},"end":{"line":127,"column":35}},"127":{"start":{"line":128,"column":0},"end":{"line":128,"column":31}},"128":{"start":{"line":129,"column":0},"end":{"line":129,"column":22}},"129":{"start":{"line":130,"column":0},"end":{"line":130,"column":0}},"130":{"start":{"line":131,"column":0},"end":{"line":131,"column":6}},"131":{"start":{"line":132,"column":0},"end":{"line":132,"column":28}},"132":{"start":{"line":133,"column":0},"end":{"line":133,"column":29}},"133":{"start":{"line":134,"column":0},"end":{"line":134,"column":24}},"134":{"start":{"line":135,"column":0},"end":{"line":135,"column":18}},"135":{"start":{"line":136,"column":0},"end":{"line":136,"column":19}},"136":{"start":{"line":137,"column":0},"end":{"line":137,"column":35}},"137":{"start":{"line":138,"column":0},"end":{"line":138,"column":29}},"138":{"start":{"line":139,"column":0},"end":{"line":139,"column":25}},"139":{"start":{"line":140,"column":0},"end":{"line":140,"column":6}},"140":{"start":{"line":141,"column":0},"end":{"line":141,"column":21}},"141":{"start":{"line":142,"column":0},"end":{"line":142,"column":35}},"142":{"start":{"line":143,"column":0},"end":{"line":143,"column":18}},"143":{"start":{"line":144,"column":0},"end":{"line":144,"column":19}},"144":{"start":{"line":145,"column":0},"end":{"line":145,"column":23}},"145":{"start":{"line":146,"column":0},"end":{"line":146,"column":23}},"146":{"start":{"line":147,"column":0},"end":{"line":147,"column":25}},"147":{"start":{"line":148,"column":0},"end":{"line":148,"column":28}},"148":{"start":{"line":149,"column":0},"end":{"line":149,"column":6}},"149":{"start":{"line":150,"column":0},"end":{"line":150,"column":21}},"150":{"start":{"line":151,"column":0},"end":{"line":151,"column":18}},"151":{"start":{"line":152,"column":0},"end":{"line":152,"column":19}},"152":{"start":{"line":153,"column":0},"end":{"line":153,"column":22}},"153":{"start":{"line":154,"column":0},"end":{"line":154,"column":20}},"154":{"start":{"line":155,"column":0},"end":{"line":155,"column":6}},"155":{"start":{"line":156,"column":0},"end":{"line":156,"column":21}},"156":{"start":{"line":157,"column":0},"end":{"line":157,"column":25}},"157":{"start":{"line":158,"column":0},"end":{"line":158,"column":28}},"158":{"start":{"line":159,"column":0},"end":{"line":159,"column":22}},"159":{"start":{"line":160,"column":0},"end":{"line":160,"column":21}},"160":{"start":{"line":161,"column":0},"end":{"line":161,"column":26}},"161":{"start":{"line":162,"column":0},"end":{"line":162,"column":5}},"162":{"start":{"line":163,"column":0},"end":{"line":163,"column":2}}},"s":{"0":1,"1":1,"2":1,"3":1,"4":1,"5":1,"6":1,"7":1,"8":1,"9":1,"10":2,"11":1,"12":1,"13":1,"14":1,"15":1,"16":11,"17":11,"18":11,"19":11,"20":11,"21":11,"22":11,"23":11,"24":11,"25":11,"26":11,"27":11,"28":11,"29":11,"30":11,"31":11,"32":11,"33":11,"34":11,"35":11,"36":11,"37":11,"38":11,"39":11,"40":11,"41":11,"42":11,"43":11,"44":11,"45":11,"46":11,"47":11,"48":11,"49":11,"50":11,"51":11,"52":11,"53":11,"54":11,"55":11,"56":11,"57":11,"58":11,"59":11,"60":11,"61":11,"62":11,"63":11,"64":11,"65":1,"66":1,"67":1,"68":1,"69":1,"70":1,"71":1,"72":1,"73":1,"74":1,"75":1,"76":1,"77":1,"78":1,"79":1,"80":1,"81":1,"82":1,"83":1,"84":1,"85":1,"86":1,"87":1,"88":1,"89":1,"90":1,"91":1,"92":1,"93":1,"94":1,"95":1,"96":1,"97":1,"98":1,"99":1,"100":1,"101":1,"102":1,"103":1,"104":1,"105":1,"106":1,"107":1,"108":1,"109":1,"110":1,"111":1,"112":1,"113":1,"114":1,"115":1,"116":1,"117":1,"118":1,"119":1,"120":1,"121":1,"122":1,"123":1,"124":1,"125":1,"126":1,"127":1,"128":1,"129":1,"130":1,"131":1,"132":1,"133":1,"134":1,"135":1,"136":1,"137":1,"138":1,"139":1,"140":1,"141":1,"142":1,"143":1,"144":1,"145":1,"146":1,"147":1,"148":1,"149":1,"150":1,"151":1,"152":1,"153":1,"154":1,"155":1,"156":1,"157":1,"158":1,"159":1,"160":1,"161":1,"162":1},"branchMap":{"0":{"type":"branch","line":10,"loc":{"start":{"line":10,"column":23},"end":{"line":71,"column":5}},"locations":[{"start":{"line":10,"column":23},"end":{"line":71,"column":5}}]},"1":{"type":"branch","line":10,"loc":{"start":{"line":10,"column":23},"end":{"line":10,"column":32}},"locations":[{"start":{"line":10,"column":23},"end":{"line":10,"column":32}}]},"2":{"type":"branch","line":11,"loc":{"start":{"line":11,"column":4},"end":{"line":71,"column":5}},"locations":[{"start":{"line":11,"column":4},"end":{"line":71,"column":5}}]},"3":{"type":"branch","line":16,"loc":{"start":{"line":16,"column":43},"end":{"line":65,"column":47}},"locations":[{"start":{"line":16,"column":43},"end":{"line":65,"column":47}}]}},"b":{"0":[2],"1":[1],"2":[1],"3":[11]},"fnMap":{"0":{"name":"ScrollViewExample","decl":{"start":{"line":10,"column":23},"end":{"line":10,"column":32}},"loc":{"start":{"line":10,"column":23},"end":{"line":10,"column":32}},"line":10},"1":{"name":"render","decl":{"start":{"line":11,"column":4},"end":{"line":71,"column":5}},"loc":{"start":{"line":11,"column":4},"end":{"line":71,"column":5}},"line":11}},"f":{"0":1,"1":1}}
,"D:\\BCDIC22-RN-recetario-inmobiliaria-Zuack55\\img\\icons\\bathtub.png": {"path":"D:\\BCDIC22-RN-recetario-inmobiliaria-Zuack55\\img\\icons\\bathtub.png","all":false,"statementMap":{"0":{"start":{"line":1,"column":0},"end":{"line":1,"column":4}},"1":{"start":{"line":2,"column":0},"end":{"line":2,"column":1}},"2":{"start":{"line":3,"column":0},"end":{"line":3,"column":177}},"3":{"start":{"line":4,"column":0},"end":{"line":4,"column":320}},"4":{"start":{"line":5,"column":0},"end":{"line":5,"column":1266}},"5":{"start":{"line":6,"column":0},"end":{"line":6,"column":122}},"6":{"start":{"line":7,"column":0},"end":{"line":7,"column":158}},"7":{"start":{"line":8,"column":0},"end":{"line":8,"column":796}},"8":{"start":{"line":9,"column":0},"end":{"line":9,"column":704}},"9":{"start":{"line":10,"column":0},"end":{"line":10,"column":325}},"10":{"start":{"line":11,"column":0},"end":{"line":11,"column":402}},"11":{"start":{"line":12,"column":0},"end":{"line":12,"column":155}},"12":{"start":{"line":13,"column":0},"end":{"line":13,"column":138}},"13":{"start":{"line":14,"column":0},"end":{"line":14,"column":590}},"14":{"start":{"line":15,"column":0},"end":{"line":15,"column":11}},"15":{"start":{"line":16,"column":0},"end":{"line":16,"column":45}},"16":{"start":{"line":17,"column":0},"end":{"line":17,"column":19}},"17":{"start":{"line":18,"column":0},"end":{"line":18,"column":551}},"18":{"start":{"line":19,"column":0},"end":{"line":19,"column":924}},"19":{"start":{"line":20,"column":0},"end":{"line":20,"column":17}},"20":{"start":{"line":21,"column":0},"end":{"line":21,"column":79}},"21":{"start":{"line":22,"column":0},"end":{"line":22,"column":369}},"22":{"start":{"line":23,"column":0},"end":{"line":23,"column":409}},"23":{"start":{"line":24,"column":0},"end":{"line":24,"column":23}},"24":{"start":{"line":25,"column":0},"end":{"line":25,"column":429}},"25":{"start":{"line":26,"column":0},"end":{"line":26,"column":292}}},"s":{"0":1,"1":1,"2":1,"3":1,"4":1,"5":1,"6":1,"7":1,"8":1,"9":1,"10":1,"11":1,"12":1,"13":1,"14":1,"15":1,"16":1,"17":1,"18":1,"19":1,"20":1,"21":1,"22":1,"23":1,"24":1,"25":1},"branchMap":{"0":{"type":"branch","line":1,"loc":{"start":{"line":1,"column":0},"end":{"line":3,"column":78}},"locations":[{"start":{"line":1,"column":0},"end":{"line":3,"column":78}}]},"1":{"type":"branch","line":1,"loc":{"start":{"line":1,"column":0},"end":{"line":3,"column":75}},"locations":[{"start":{"line":1,"column":0},"end":{"line":3,"column":75}}]}},"b":{"0":[1],"1":[1]},"fnMap":{"0":{"name":"Object.<anonymous>","decl":{"start":{"line":1,"column":0},"end":{"line":3,"column":75}},"loc":{"start":{"line":1,"column":0},"end":{"line":3,"column":75}},"line":1}},"f":{"0":1}}
,"D:\\BCDIC22-RN-recetario-inmobiliaria-Zuack55\\img\\icons\\cama-alternativa.png": {"path":"D:\\BCDIC22-RN-recetario-inmobiliaria-Zuack55\\img\\icons\\cama-alternativa.png","all":false,"statementMap":{"0":{"start":{"line":1,"column":0},"end":{"line":1,"column":4}},"1":{"start":{"line":2,"column":0},"end":{"line":2,"column":1}},"2":{"start":{"line":3,"column":0},"end":{"line":3,"column":149}},"3":{"start":{"line":4,"column":0},"end":{"line":4,"column":158}},"4":{"start":{"line":5,"column":0},"end":{"line":5,"column":643}},"5":{"start":{"line":6,"column":0},"end":{"line":6,"column":12}},"6":{"start":{"line":7,"column":0},"end":{"line":7,"column":335}},"7":{"start":{"line":8,"column":0},"end":{"line":8,"column":1357}},"8":{"start":{"line":9,"column":0},"end":{"line":9,"column":740}},"9":{"start":{"line":10,"column":0},"end":{"line":10,"column":175}},"10":{"start":{"line":11,"column":0},"end":{"line":11,"column":106}},"11":{"start":{"line":12,"column":0},"end":{"line":12,"column":405}},"12":{"start":{"line":13,"column":0},"end":{"line":13,"column":382}},"13":{"start":{"line":14,"column":0},"end":{"line":14,"column":514}},"14":{"start":{"line":15,"column":0},"end":{"line":15,"column":405}}},"s":{"0":1,"1":1,"2":1,"3":1,"4":1,"5":1,"6":1,"7":1,"8":1,"9":1,"10":1,"11":1,"12":1,"13":1,"14":1},"branchMap":{"0":{"type":"branch","line":1,"loc":{"start":{"line":1,"column":0},"end":{"line":3,"column":87}},"locations":[{"start":{"line":1,"column":0},"end":{"line":3,"column":87}}]},"1":{"type":"branch","line":1,"loc":{"start":{"line":1,"column":0},"end":{"line":3,"column":84}},"locations":[{"start":{"line":1,"column":0},"end":{"line":3,"column":84}}]}},"b":{"0":[1],"1":[1]},"fnMap":{"0":{"name":"Object.<anonymous>","decl":{"start":{"line":1,"column":0},"end":{"line":3,"column":84}},"loc":{"start":{"line":1,"column":0},"end":{"line":3,"column":84}},"line":1}},"f":{"0":1}}
,"D:\\BCDIC22-RN-recetario-inmobiliaria-Zuack55\\img\\icons\\corazonNe.png": {"path":"D:\\BCDIC22-RN-recetario-inmobiliaria-Zuack55\\img\\icons\\corazonNe.png","all":false,"statementMap":{"0":{"start":{"line":1,"column":0},"end":{"line":1,"column":4}},"1":{"start":{"line":2,"column":0},"end":{"line":2,"column":1}},"2":{"start":{"line":3,"column":0},"end":{"line":3,"column":121}},"3":{"start":{"line":4,"column":0},"end":{"line":4,"column":377}},"4":{"start":{"line":5,"column":0},"end":{"line":5,"column":440}},"5":{"start":{"line":6,"column":0},"end":{"line":6,"column":145}},"6":{"start":{"line":7,"column":0},"end":{"line":7,"column":40}},"7":{"start":{"line":8,"column":0},"end":{"line":8,"column":16}},"8":{"start":{"line":9,"column":0},"end":{"line":9,"column":34}},"9":{"start":{"line":10,"column":0},"end":{"line":10,"column":93}},"10":{"start":{"line":11,"column":0},"end":{"line":11,"column":113}},"11":{"start":{"line":12,"column":0},"end":{"line":12,"column":861}},"12":{"start":{"line":13,"column":0},"end":{"line":13,"column":20}},"13":{"start":{"line":14,"column":0},"end":{"line":14,"column":497}},"14":{"start":{"line":15,"column":0},"end":{"line":15,"column":202}},"15":{"start":{"line":16,"column":0},"end":{"line":16,"column":90}},"16":{"start":{"line":17,"column":0},"end":{"line":17,"column":439}},"17":{"start":{"line":18,"column":0},"end":{"line":18,"column":6}},"18":{"start":{"line":19,"column":0},"end":{"line":19,"column":163}},"19":{"start":{"line":20,"column":0},"end":{"line":20,"column":51}},"20":{"start":{"line":21,"column":0},"end":{"line":21,"column":644}},"21":{"start":{"line":22,"column":0},"end":{"line":22,"column":1086}}},"s":{"0":1,"1":1,"2":1,"3":1,"4":1,"5":1,"6":1,"7":1,"8":1,"9":1,"10":1,"11":1,"12":1,"13":1,"14":1,"15":1,"16":1,"17":1,"18":1,"19":1,"20":1,"21":1},"branchMap":{"0":{"type":"branch","line":1,"loc":{"start":{"line":1,"column":0},"end":{"line":3,"column":80}},"locations":[{"start":{"line":1,"column":0},"end":{"line":3,"column":80}}]},"1":{"type":"branch","line":1,"loc":{"start":{"line":1,"column":0},"end":{"line":3,"column":77}},"locations":[{"start":{"line":1,"column":0},"end":{"line":3,"column":77}}]}},"b":{"0":[1],"1":[1]},"fnMap":{"0":{"name":"Object.<anonymous>","decl":{"start":{"line":1,"column":0},"end":{"line":3,"column":77}},"loc":{"start":{"line":1,"column":0},"end":{"line":3,"column":77}},"line":1}},"f":{"0":1}}
,"D:\\BCDIC22-RN-recetario-inmobiliaria-Zuack55\\img\\icons\\start.png": {"path":"D:\\BCDIC22-RN-recetario-inmobiliaria-Zuack55\\img\\icons\\start.png","all":false,"statementMap":{"0":{"start":{"line":1,"column":0},"end":{"line":1,"column":4}},"1":{"start":{"line":2,"column":0},"end":{"line":2,"column":1}},"2":{"start":{"line":3,"column":0},"end":{"line":3,"column":182}},"3":{"start":{"line":4,"column":0},"end":{"line":4,"column":399}},"4":{"start":{"line":5,"column":0},"end":{"line":5,"column":802}},"5":{"start":{"line":6,"column":0},"end":{"line":6,"column":10}},"6":{"start":{"line":7,"column":0},"end":{"line":7,"column":171}},"7":{"start":{"line":8,"column":0},"end":{"line":8,"column":249}},"8":{"start":{"line":9,"column":0},"end":{"line":9,"column":806}},"9":{"start":{"line":10,"column":0},"end":{"line":10,"column":10}},"10":{"start":{"line":11,"column":0},"end":{"line":11,"column":382}},"11":{"start":{"line":12,"column":0},"end":{"line":12,"column":11}},"12":{"start":{"line":13,"column":0},"end":{"line":13,"column":90}},"13":{"start":{"line":14,"column":0},"end":{"line":14,"column":20}},"14":{"start":{"line":15,"column":0},"end":{"line":15,"column":181}},"15":{"start":{"line":16,"column":0},"end":{"line":16,"column":15}},"16":{"start":{"line":17,"column":0},"end":{"line":17,"column":32}},"17":{"start":{"line":18,"column":0},"end":{"line":18,"column":17}},"18":{"start":{"line":19,"column":0},"end":{"line":19,"column":276}},"19":{"start":{"line":20,"column":0},"end":{"line":20,"column":1}},"20":{"start":{"line":21,"column":0},"end":{"line":21,"column":20}},"21":{"start":{"line":22,"column":0},"end":{"line":22,"column":36}},"22":{"start":{"line":23,"column":0},"end":{"line":23,"column":441}},"23":{"start":{"line":24,"column":0},"end":{"line":24,"column":310}},"24":{"start":{"line":25,"column":0},"end":{"line":25,"column":4}},"25":{"start":{"line":26,"column":0},"end":{"line":26,"column":625}},"26":{"start":{"line":27,"column":0},"end":{"line":27,"column":39}},"27":{"start":{"line":28,"column":0},"end":{"line":28,"column":635}},"28":{"start":{"line":29,"column":0},"end":{"line":29,"column":4}},"29":{"start":{"line":30,"column":0},"end":{"line":30,"column":219}},"30":{"start":{"line":31,"column":0},"end":{"line":31,"column":643}},"31":{"start":{"line":32,"column":0},"end":{"line":32,"column":64}},"32":{"start":{"line":33,"column":0},"end":{"line":33,"column":5}},"33":{"start":{"line":34,"column":0},"end":{"line":34,"column":22}},"34":{"start":{"line":35,"column":0},"end":{"line":35,"column":353}},"35":{"start":{"line":36,"column":0},"end":{"line":36,"column":58}},"36":{"start":{"line":37,"column":0},"end":{"line":37,"column":154}},"37":{"start":{"line":38,"column":0},"end":{"line":38,"column":51}},"38":{"start":{"line":39,"column":0},"end":{"line":39,"column":14}},"39":{"start":{"line":40,"column":0},"end":{"line":40,"column":180}},"40":{"start":{"line":41,"column":0},"end":{"line":41,"column":26}},"41":{"start":{"line":42,"column":0},"end":{"line":42,"column":72}},"42":{"start":{"line":43,"column":0},"end":{"line":43,"column":91}},"43":{"start":{"line":44,"column":0},"end":{"line":44,"column":163}},"44":{"start":{"line":45,"column":0},"end":{"line":45,"column":104}},"45":{"start":{"line":46,"column":0},"end":{"line":46,"column":60}},"46":{"start":{"line":47,"column":0},"end":{"line":47,"column":61}},"47":{"start":{"line":48,"column":0},"end":{"line":48,"column":101}},"48":{"start":{"line":49,"column":0},"end":{"line":49,"column":16}},"49":{"start":{"line":50,"column":0},"end":{"line":50,"column":50}},"50":{"start":{"line":51,"column":0},"end":{"line":51,"column":64}},"51":{"start":{"line":52,"column":0},"end":{"line":52,"column":116}},"52":{"start":{"line":53,"column":0},"end":{"line":53,"column":16}},"53":{"start":{"line":54,"column":0},"end":{"line":54,"column":81}},"54":{"start":{"line":55,"column":0},"end":{"line":55,"column":41}},"55":{"start":{"line":56,"column":0},"end":{"line":56,"column":2}},"56":{"start":{"line":57,"column":0},"end":{"line":57,"column":27}},"57":{"start":{"line":58,"column":0},"end":{"line":58,"column":142}},"58":{"start":{"line":59,"column":0},"end":{"line":59,"column":27}},"59":{"start":{"line":60,"column":0},"end":{"line":60,"column":3}},"60":{"start":{"line":61,"column":0},"end":{"line":61,"column":139}},"61":{"start":{"line":62,"column":0},"end":{"line":62,"column":52}},"62":{"start":{"line":63,"column":0},"end":{"line":63,"column":102}},"63":{"start":{"line":64,"column":0},"end":{"line":64,"column":448}},"64":{"start":{"line":65,"column":0},"end":{"line":65,"column":134}},"65":{"start":{"line":66,"column":0},"end":{"line":66,"column":52}},"66":{"start":{"line":67,"column":0},"end":{"line":67,"column":80}},"67":{"start":{"line":68,"column":0},"end":{"line":68,"column":190}},"68":{"start":{"line":69,"column":0},"end":{"line":69,"column":163}},"69":{"start":{"line":70,"column":0},"end":{"line":70,"column":114}},"70":{"start":{"line":71,"column":0},"end":{"line":71,"column":228}},"71":{"start":{"line":72,"column":0},"end":{"line":72,"column":261}},"72":{"start":{"line":73,"column":0},"end":{"line":73,"column":80}},"73":{"start":{"line":74,"column":0},"end":{"line":74,"column":307}},"74":{"start":{"line":75,"column":0},"end":{"line":75,"column":255}},"75":{"start":{"line":76,"column":0},"end":{"line":76,"column":54}},"76":{"start":{"line":77,"column":0},"end":{"line":77,"column":268}},"77":{"start":{"line":78,"column":0},"end":{"line":78,"column":735}}},"s":{"0":1,"1":1,"2":1,"3":1,"4":1,"5":1,"6":1,"7":1,"8":1,"9":1,"10":1,"11":1,"12":1,"13":1,"14":1,"15":1,"16":1,"17":1,"18":1,"19":1,"20":1,"21":1,"22":1,"23":1,"24":1,"25":1,"26":1,"27":1,"28":1,"29":1,"30":1,"31":1,"32":1,"33":1,"34":1,"35":1,"36":1,"37":1,"38":1,"39":1,"40":1,"41":1,"42":1,"43":1,"44":1,"45":1,"46":1,"47":1,"48":1,"49":1,"50":1,"51":1,"52":1,"53":1,"54":1,"55":1,"56":1,"57":1,"58":1,"59":1,"60":1,"61":1,"62":1,"63":1,"64":1,"65":1,"66":1,"67":1,"68":1,"69":1,"70":1,"71":1,"72":1,"73":1,"74":1,"75":1,"76":1,"77":1},"branchMap":{"0":{"type":"branch","line":1,"loc":{"start":{"line":1,"column":0},"end":{"line":3,"column":76}},"locations":[{"start":{"line":1,"column":0},"end":{"line":3,"column":76}}]},"1":{"type":"branch","line":1,"loc":{"start":{"line":1,"column":0},"end":{"line":3,"column":73}},"locations":[{"start":{"line":1,"column":0},"end":{"line":3,"column":73}}]}},"b":{"0":[1],"1":[1]},"fnMap":{"0":{"name":"Object.<anonymous>","decl":{"start":{"line":1,"column":0},"end":{"line":3,"column":73}},"loc":{"start":{"line":1,"column":0},"end":{"line":3,"column":73}},"line":1}},"f":{"0":1}}
,"D:\\BCDIC22-RN-recetario-inmobiliaria-Zuack55\\img\\icons\\ubicacion.png": {"path":"D:\\BCDIC22-RN-recetario-inmobiliaria-Zuack55\\img\\icons\\ubicacion.png","all":false,"statementMap":{"0":{"start":{"line":1,"column":0},"end":{"line":1,"column":4}},"1":{"start":{"line":2,"column":0},"end":{"line":2,"column":1}},"2":{"start":{"line":3,"column":0},"end":{"line":3,"column":272}},"3":{"start":{"line":4,"column":0},"end":{"line":4,"column":443}},"4":{"start":{"line":5,"column":0},"end":{"line":5,"column":666}},"5":{"start":{"line":6,"column":0},"end":{"line":6,"column":235}},"6":{"start":{"line":7,"column":0},"end":{"line":7,"column":679}},"7":{"start":{"line":8,"column":0},"end":{"line":8,"column":306}},"8":{"start":{"line":9,"column":0},"end":{"line":9,"column":335}},"9":{"start":{"line":10,"column":0},"end":{"line":10,"column":446}},"10":{"start":{"line":11,"column":0},"end":{"line":11,"column":350}},"11":{"start":{"line":12,"column":0},"end":{"line":12,"column":59}},"12":{"start":{"line":13,"column":0},"end":{"line":13,"column":321}},"13":{"start":{"line":14,"column":0},"end":{"line":14,"column":57}},"14":{"start":{"line":15,"column":0},"end":{"line":15,"column":43}},"15":{"start":{"line":16,"column":0},"end":{"line":16,"column":57}},"16":{"start":{"line":17,"column":0},"end":{"line":17,"column":215}},"17":{"start":{"line":18,"column":0},"end":{"line":18,"column":61}},"18":{"start":{"line":19,"column":0},"end":{"line":19,"column":179}},"19":{"start":{"line":20,"column":0},"end":{"line":20,"column":581}},"20":{"start":{"line":21,"column":0},"end":{"line":21,"column":191}},"21":{"start":{"line":22,"column":0},"end":{"line":22,"column":200}},"22":{"start":{"line":23,"column":0},"end":{"line":23,"column":496}},"23":{"start":{"line":24,"column":0},"end":{"line":24,"column":161}},"24":{"start":{"line":25,"column":0},"end":{"line":25,"column":439}},"25":{"start":{"line":26,"column":0},"end":{"line":26,"column":58}},"26":{"start":{"line":27,"column":0},"end":{"line":27,"column":57}},"27":{"start":{"line":28,"column":0},"end":{"line":28,"column":274}},"28":{"start":{"line":29,"column":0},"end":{"line":29,"column":26}},"29":{"start":{"line":30,"column":0},"end":{"line":30,"column":730}},"30":{"start":{"line":31,"column":0},"end":{"line":31,"column":234}},"31":{"start":{"line":32,"column":0},"end":{"line":32,"column":162}},"32":{"start":{"line":33,"column":0},"end":{"line":33,"column":347}},"33":{"start":{"line":34,"column":0},"end":{"line":34,"column":57}},"34":{"start":{"line":35,"column":0},"end":{"line":35,"column":18}},"35":{"start":{"line":36,"column":0},"end":{"line":36,"column":154}},"36":{"start":{"line":37,"column":0},"end":{"line":37,"column":331}},"37":{"start":{"line":38,"column":0},"end":{"line":38,"column":77}},"38":{"start":{"line":39,"column":0},"end":{"line":39,"column":264}},"39":{"start":{"line":40,"column":0},"end":{"line":40,"column":65}},"40":{"start":{"line":41,"column":0},"end":{"line":41,"column":418}},"41":{"start":{"line":42,"column":0},"end":{"line":42,"column":346}},"42":{"start":{"line":43,"column":0},"end":{"line":43,"column":476}},"43":{"start":{"line":44,"column":0},"end":{"line":44,"column":725}},"44":{"start":{"line":45,"column":0},"end":{"line":45,"column":473}},"45":{"start":{"line":46,"column":0},"end":{"line":46,"column":119}},"46":{"start":{"line":47,"column":0},"end":{"line":47,"column":249}},"47":{"start":{"line":48,"column":0},"end":{"line":48,"column":757}},"48":{"start":{"line":49,"column":0},"end":{"line":49,"column":348}},"49":{"start":{"line":50,"column":0},"end":{"line":50,"column":492}},"50":{"start":{"line":51,"column":0},"end":{"line":51,"column":339}},"51":{"start":{"line":52,"column":0},"end":{"line":52,"column":159}},"52":{"start":{"line":53,"column":0},"end":{"line":53,"column":411}},"53":{"start":{"line":54,"column":0},"end":{"line":54,"column":140}},"54":{"start":{"line":55,"column":0},"end":{"line":55,"column":33}}},"s":{"0":1,"1":1,"2":1,"3":1,"4":1,"5":1,"6":1,"7":1,"8":1,"9":1,"10":1,"11":1,"12":1,"13":1,"14":1,"15":1,"16":1,"17":1,"18":1,"19":1,"20":1,"21":1,"22":1,"23":1,"24":1,"25":1,"26":1,"27":1,"28":1,"29":1,"30":1,"31":1,"32":1,"33":1,"34":1,"35":1,"36":1,"37":1,"38":1,"39":1,"40":1,"41":1,"42":1,"43":1,"44":1,"45":1,"46":1,"47":1,"48":1,"49":1,"50":1,"51":1,"52":1,"53":1,"54":1},"branchMap":{"0":{"type":"branch","line":1,"loc":{"start":{"line":1,"column":0},"end":{"line":3,"column":80}},"locations":[{"start":{"line":1,"column":0},"end":{"line":3,"column":80}}]},"1":{"type":"branch","line":1,"loc":{"start":{"line":1,"column":0},"end":{"line":3,"column":77}},"locations":[{"start":{"line":1,"column":0},"end":{"line":3,"column":77}}]}},"b":{"0":[1],"1":[1]},"fnMap":{"0":{"name":"Object.<anonymous>","decl":{"start":{"line":1,"column":0},"end":{"line":3,"column":77}},"loc":{"start":{"line":1,"column":0},"end":{"line":3,"column":77}},"line":1}},"f":{"0":1}}
,"D:\\BCDIC22-RN-recetario-inmobiliaria-Zuack55\\img\\icons\\zona.png": {"path":"D:\\BCDIC22-RN-recetario-inmobiliaria-Zuack55\\img\\icons\\zona.png","all":false,"statementMap":{"0":{"start":{"line":1,"column":0},"end":{"line":1,"column":4}},"1":{"start":{"line":2,"column":0},"end":{"line":2,"column":1}},"2":{"start":{"line":3,"column":0},"end":{"line":3,"column":327}},"3":{"start":{"line":4,"column":0},"end":{"line":4,"column":383}},"4":{"start":{"line":5,"column":0},"end":{"line":5,"column":331}},"5":{"start":{"line":6,"column":0},"end":{"line":6,"column":1037}},"6":{"start":{"line":7,"column":0},"end":{"line":7,"column":27}},"7":{"start":{"line":8,"column":0},"end":{"line":8,"column":144}},"8":{"start":{"line":9,"column":0},"end":{"line":9,"column":558}},"9":{"start":{"line":10,"column":0},"end":{"line":10,"column":55}},"10":{"start":{"line":11,"column":0},"end":{"line":11,"column":99}},"11":{"start":{"line":12,"column":0},"end":{"line":12,"column":736}},"12":{"start":{"line":13,"column":0},"end":{"line":13,"column":832}},"13":{"start":{"line":14,"column":0},"end":{"line":14,"column":1829}},"14":{"start":{"line":15,"column":0},"end":{"line":15,"column":175}},"15":{"start":{"line":16,"column":0},"end":{"line":16,"column":123}},"16":{"start":{"line":17,"column":0},"end":{"line":17,"column":10}},"17":{"start":{"line":18,"column":0},"end":{"line":18,"column":10}},"18":{"start":{"line":19,"column":0},"end":{"line":19,"column":10}},"19":{"start":{"line":20,"column":0},"end":{"line":20,"column":10}},"20":{"start":{"line":21,"column":0},"end":{"line":21,"column":10}},"21":{"start":{"line":22,"column":0},"end":{"line":22,"column":10}},"22":{"start":{"line":23,"column":0},"end":{"line":23,"column":166}},"23":{"start":{"line":24,"column":0},"end":{"line":24,"column":10}},"24":{"start":{"line":25,"column":0},"end":{"line":25,"column":10}},"25":{"start":{"line":26,"column":0},"end":{"line":26,"column":10}},"26":{"start":{"line":27,"column":0},"end":{"line":27,"column":10}},"27":{"start":{"line":28,"column":0},"end":{"line":28,"column":10}},"28":{"start":{"line":29,"column":0},"end":{"line":29,"column":10}},"29":{"start":{"line":30,"column":0},"end":{"line":30,"column":10}},"30":{"start":{"line":31,"column":0},"end":{"line":31,"column":10}},"31":{"start":{"line":32,"column":0},"end":{"line":32,"column":10}},"32":{"start":{"line":33,"column":0},"end":{"line":33,"column":10}},"33":{"start":{"line":34,"column":0},"end":{"line":34,"column":10}},"34":{"start":{"line":35,"column":0},"end":{"line":35,"column":10}},"35":{"start":{"line":36,"column":0},"end":{"line":36,"column":10}},"36":{"start":{"line":37,"column":0},"end":{"line":37,"column":10}},"37":{"start":{"line":38,"column":0},"end":{"line":38,"column":329}},"38":{"start":{"line":39,"column":0},"end":{"line":39,"column":101}},"39":{"start":{"line":40,"column":0},"end":{"line":40,"column":659}},"40":{"start":{"line":41,"column":0},"end":{"line":41,"column":58}},"41":{"start":{"line":42,"column":0},"end":{"line":42,"column":63}},"42":{"start":{"line":43,"column":0},"end":{"line":43,"column":292}}},"s":{"0":1,"1":1,"2":1,"3":1,"4":1,"5":1,"6":1,"7":1,"8":1,"9":1,"10":1,"11":1,"12":1,"13":1,"14":1,"15":1,"16":1,"17":1,"18":1,"19":1,"20":1,"21":1,"22":1,"23":1,"24":1,"25":1,"26":1,"27":1,"28":1,"29":1,"30":1,"31":1,"32":1,"33":1,"34":1,"35":1,"36":1,"37":1,"38":1,"39":1,"40":1,"41":1,"42":1},"branchMap":{"0":{"type":"branch","line":1,"loc":{"start":{"line":1,"column":0},"end":{"line":3,"column":75}},"locations":[{"start":{"line":1,"column":0},"end":{"line":3,"column":75}}]},"1":{"type":"branch","line":1,"loc":{"start":{"line":1,"column":0},"end":{"line":3,"column":72}},"locations":[{"start":{"line":1,"column":0},"end":{"line":3,"column":72}}]}},"b":{"0":[1],"1":[1]},"fnMap":{"0":{"name":"Object.<anonymous>","decl":{"start":{"line":1,"column":0},"end":{"line":3,"column":72}},"loc":{"start":{"line":1,"column":0},"end":{"line":3,"column":72}},"line":1}},"f":{"0":1}}
}
